{"C:\\Users\\Nihith\\Documents\\Projects\\promptwars-main-challenge\\frontend\\src\\App.tsx": {"path":"C:\\Users\\Nihith\\Documents\\Projects\\promptwars-main-challenge\\frontend\\src\\App.tsx","all":false,"statementMap":{"0":{"start":{"line":1,"column":0},"end":{"line":1,"column":40}},"1":{"start":{"line":2,"column":0},"end":{"line":2,"column":47}},"2":{"start":{"line":3,"column":0},"end":{"line":3,"column":53}},"4":{"start":{"line":5,"column":0},"end":{"line":5,"column":42}},"6":{"start":{"line":7,"column":0},"end":{"line":7,"column":16}},"7":{"start":{"line":8,"column":0},"end":{"line":8,"column":64}},"8":{"start":{"line":9,"column":0},"end":{"line":9,"column":58}},"9":{"start":{"line":10,"column":0},"end":{"line":10,"column":58}},"11":{"start":{"line":12,"column":0},"end":{"line":12,"column":70}},"12":{"start":{"line":13,"column":0},"end":{"line":13,"column":26}},"13":{"start":{"line":14,"column":0},"end":{"line":14,"column":19}},"14":{"start":{"line":15,"column":0},"end":{"line":15,"column":18}},"16":{"start":{"line":17,"column":0},"end":{"line":17,"column":9}},"17":{"start":{"line":18,"column":0},"end":{"line":18,"column":38}},"18":{"start":{"line":19,"column":0},"end":{"line":19,"column":71}},"19":{"start":{"line":20,"column":0},"end":{"line":20,"column":62}},"21":{"start":{"line":22,"column":0},"end":{"line":22,"column":79}},"22":{"start":{"line":23,"column":0},"end":{"line":23,"column":23}},"23":{"start":{"line":24,"column":0},"end":{"line":24,"column":23}},"24":{"start":{"line":25,"column":0},"end":{"line":25,"column":9}},"26":{"start":{"line":27,"column":0},"end":{"line":27,"column":25}},"27":{"start":{"line":28,"column":0},"end":{"line":28,"column":63}},"28":{"start":{"line":29,"column":0},"end":{"line":29,"column":7}},"30":{"start":{"line":31,"column":0},"end":{"line":31,"column":65}},"31":{"start":{"line":32,"column":0},"end":{"line":32,"column":28}},"32":{"start":{"line":33,"column":0},"end":{"line":33,"column":24}},"33":{"start":{"line":34,"column":0},"end":{"line":34,"column":25}},"34":{"start":{"line":35,"column":0},"end":{"line":35,"column":62}},"35":{"start":{"line":36,"column":0},"end":{"line":36,"column":15}},"36":{"start":{"line":37,"column":0},"end":{"line":37,"column":29}},"37":{"start":{"line":38,"column":0},"end":{"line":38,"column":5}},"38":{"start":{"line":39,"column":0},"end":{"line":39,"column":4}},"40":{"start":{"line":41,"column":0},"end":{"line":41,"column":10}},"41":{"start":{"line":42,"column":0},"end":{"line":42,"column":106}},"43":{"start":{"line":44,"column":0},"end":{"line":44,"column":132}},"45":{"start":{"line":46,"column":0},"end":{"line":46,"column":104}},"47":{"start":{"line":48,"column":0},"end":{"line":48,"column":131}},"48":{"start":{"line":49,"column":0},"end":{"line":49,"column":108}},"49":{"start":{"line":50,"column":0},"end":{"line":50,"column":124}},"50":{"start":{"line":51,"column":0},"end":{"line":51,"column":82}},"51":{"start":{"line":52,"column":0},"end":{"line":52,"column":15}},"52":{"start":{"line":53,"column":0},"end":{"line":53,"column":14}},"53":{"start":{"line":54,"column":0},"end":{"line":54,"column":232}},"54":{"start":{"line":55,"column":0},"end":{"line":55,"column":122}},"56":{"start":{"line":57,"column":0},"end":{"line":57,"column":14}},"57":{"start":{"line":58,"column":0},"end":{"line":58,"column":15}},"59":{"start":{"line":60,"column":0},"end":{"line":60,"column":51}},"60":{"start":{"line":61,"column":0},"end":{"line":61,"column":73}},"62":{"start":{"line":63,"column":0},"end":{"line":63,"column":26}},"63":{"start":{"line":64,"column":0},"end":{"line":64,"column":180}},"64":{"start":{"line":65,"column":0},"end":{"line":65,"column":88}},"65":{"start":{"line":66,"column":0},"end":{"line":66,"column":183}},"66":{"start":{"line":67,"column":0},"end":{"line":67,"column":138}},"67":{"start":{"line":68,"column":0},"end":{"line":68,"column":144}},"68":{"start":{"line":69,"column":0},"end":{"line":69,"column":16}},"71":{"start":{"line":72,"column":0},"end":{"line":72,"column":19}},"72":{"start":{"line":73,"column":0},"end":{"line":73,"column":200}},"73":{"start":{"line":74,"column":0},"end":{"line":74,"column":74}},"74":{"start":{"line":75,"column":0},"end":{"line":75,"column":74}},"75":{"start":{"line":76,"column":0},"end":{"line":76,"column":16}},"78":{"start":{"line":79,"column":0},"end":{"line":79,"column":34}},"79":{"start":{"line":80,"column":0},"end":{"line":80,"column":13}},"80":{"start":{"line":81,"column":0},"end":{"line":81,"column":10}},"82":{"start":{"line":83,"column":0},"end":{"line":83,"column":1}},"84":{"start":{"line":85,"column":0},"end":{"line":85,"column":19}}},"s":{"0":1,"1":1,"2":1,"4":1,"6":7,"7":7,"8":7,"9":7,"11":7,"12":2,"13":2,"14":2,"16":2,"17":2,"18":2,"19":2,"21":2,"22":2,"23":2,"24":2,"26":2,"27":1,"28":1,"30":1,"31":1,"32":1,"33":1,"34":1,"35":2,"36":2,"37":2,"38":2,"40":7,"41":7,"43":7,"45":7,"47":7,"48":7,"49":7,"50":7,"51":7,"52":7,"53":7,"54":7,"56":7,"57":7,"59":7,"60":7,"62":7,"63":2,"64":2,"65":2,"66":2,"67":2,"68":2,"71":7,"72":1,"73":1,"74":1,"75":1,"78":7,"79":7,"80":7,"82":7,"84":1},"branchMap":{"0":{"type":"branch","line":7,"loc":{"start":{"line":7,"column":0},"end":{"line":83,"column":1}},"locations":[{"start":{"line":7,"column":0},"end":{"line":83,"column":1}}]},"1":{"type":"branch","line":63,"loc":{"start":{"line":63,"column":9},"end":{"line":69,"column":16}},"locations":[{"start":{"line":63,"column":9},"end":{"line":69,"column":16}}]},"2":{"type":"branch","line":72,"loc":{"start":{"line":72,"column":9},"end":{"line":76,"column":16}},"locations":[{"start":{"line":72,"column":9},"end":{"line":76,"column":16}}]},"3":{"type":"branch","line":12,"loc":{"start":{"line":12,"column":24},"end":{"line":39,"column":4}},"locations":[{"start":{"line":12,"column":24},"end":{"line":39,"column":4}}]},"4":{"type":"branch","line":27,"loc":{"start":{"line":27,"column":24},"end":{"line":36,"column":6}},"locations":[{"start":{"line":27,"column":24},"end":{"line":36,"column":6}}]},"5":{"type":"branch","line":35,"loc":{"start":{"line":35,"column":19},"end":{"line":35,"column":60}},"locations":[{"start":{"line":35,"column":19},"end":{"line":35,"column":60}}]}},"b":{"0":[7],"1":[2],"2":[1],"3":[2],"4":[1],"5":[0]},"fnMap":{"0":{"name":"App","decl":{"start":{"line":7,"column":0},"end":{"line":83,"column":1}},"loc":{"start":{"line":7,"column":0},"end":{"line":83,"column":1}},"line":7},"1":{"name":"handleCapture","decl":{"start":{"line":12,"column":24},"end":{"line":39,"column":4}},"loc":{"start":{"line":12,"column":24},"end":{"line":39,"column":4}},"line":12}},"f":{"0":7,"1":2}}
,"C:\\Users\\Nihith\\Documents\\Projects\\promptwars-main-challenge\\frontend\\src\\types.ts": {"path":"C:\\Users\\Nihith\\Documents\\Projects\\promptwars-main-challenge\\frontend\\src\\types.ts","all":true,"statementMap":{},"s":{},"branchMap":{"0":{"type":"branch","line":1,"loc":{"start":{"line":1,"column":410},"end":{"line":21,"column":1}},"locations":[{"start":{"line":1,"column":410},"end":{"line":21,"column":1}}]}},"b":{"0":[1]},"fnMap":{"0":{"name":"(empty-report)","decl":{"start":{"line":1,"column":410},"end":{"line":21,"column":1}},"loc":{"start":{"line":1,"column":410},"end":{"line":21,"column":1}},"line":1}},"f":{"0":1}}
,"C:\\Users\\Nihith\\Documents\\Projects\\promptwars-main-challenge\\frontend\\src\\components\\MedicalHUD.tsx": {"path":"C:\\Users\\Nihith\\Documents\\Projects\\promptwars-main-challenge\\frontend\\src\\components\\MedicalHUD.tsx","all":false,"statementMap":{"0":{"start":{"line":1,"column":0},"end":{"line":1,"column":26}},"8":{"start":{"line":9,"column":0},"end":{"line":9,"column":68}},"9":{"start":{"line":10,"column":0},"end":{"line":10,"column":25}},"11":{"start":{"line":12,"column":0},"end":{"line":12,"column":54}},"12":{"start":{"line":13,"column":0},"end":{"line":13,"column":52}},"14":{"start":{"line":15,"column":0},"end":{"line":15,"column":33}},"15":{"start":{"line":16,"column":0},"end":{"line":16,"column":75}},"16":{"start":{"line":17,"column":0},"end":{"line":17,"column":16}},"17":{"start":{"line":18,"column":0},"end":{"line":18,"column":100}},"18":{"start":{"line":19,"column":0},"end":{"line":19,"column":113}},"20":{"start":{"line":21,"column":0},"end":{"line":21,"column":125}},"21":{"start":{"line":22,"column":0},"end":{"line":22,"column":166}},"22":{"start":{"line":23,"column":0},"end":{"line":23,"column":157}},"23":{"start":{"line":24,"column":0},"end":{"line":24,"column":16}},"24":{"start":{"line":25,"column":0},"end":{"line":25,"column":173}},"25":{"start":{"line":26,"column":0},"end":{"line":26,"column":11}},"26":{"start":{"line":27,"column":0},"end":{"line":27,"column":29}},"27":{"start":{"line":28,"column":0},"end":{"line":28,"column":80}},"29":{"start":{"line":30,"column":0},"end":{"line":30,"column":34}},"30":{"start":{"line":31,"column":0},"end":{"line":31,"column":37}},"31":{"start":{"line":32,"column":0},"end":{"line":32,"column":185}},"32":{"start":{"line":33,"column":0},"end":{"line":33,"column":130}},"33":{"start":{"line":34,"column":0},"end":{"line":34,"column":32}},"34":{"start":{"line":35,"column":0},"end":{"line":35,"column":165}},"35":{"start":{"line":36,"column":0},"end":{"line":36,"column":53}},"36":{"start":{"line":37,"column":0},"end":{"line":37,"column":23}},"38":{"start":{"line":39,"column":0},"end":{"line":39,"column":159}},"39":{"start":{"line":40,"column":0},"end":{"line":40,"column":52}},"40":{"start":{"line":41,"column":0},"end":{"line":41,"column":23}},"42":{"start":{"line":43,"column":0},"end":{"line":43,"column":17}},"43":{"start":{"line":44,"column":0},"end":{"line":44,"column":13}},"44":{"start":{"line":45,"column":0},"end":{"line":45,"column":13}},"46":{"start":{"line":47,"column":0},"end":{"line":47,"column":10}},"49":{"start":{"line":50,"column":0},"end":{"line":50,"column":10}},"50":{"start":{"line":51,"column":0},"end":{"line":51,"column":46}},"52":{"start":{"line":53,"column":0},"end":{"line":53,"column":124}},"53":{"start":{"line":54,"column":0},"end":{"line":54,"column":322}},"54":{"start":{"line":55,"column":0},"end":{"line":55,"column":152}},"55":{"start":{"line":56,"column":0},"end":{"line":56,"column":91}},"56":{"start":{"line":57,"column":0},"end":{"line":57,"column":108}},"57":{"start":{"line":58,"column":0},"end":{"line":58,"column":16}},"58":{"start":{"line":59,"column":0},"end":{"line":59,"column":15}},"59":{"start":{"line":60,"column":0},"end":{"line":60,"column":140}},"60":{"start":{"line":61,"column":0},"end":{"line":61,"column":40}},"61":{"start":{"line":62,"column":0},"end":{"line":62,"column":17}},"62":{"start":{"line":63,"column":0},"end":{"line":63,"column":137}},"63":{"start":{"line":64,"column":0},"end":{"line":64,"column":16}},"64":{"start":{"line":65,"column":0},"end":{"line":65,"column":14}},"65":{"start":{"line":66,"column":0},"end":{"line":66,"column":12}},"67":{"start":{"line":68,"column":0},"end":{"line":68,"column":130}},"68":{"start":{"line":69,"column":0},"end":{"line":69,"column":127}},"69":{"start":{"line":70,"column":0},"end":{"line":70,"column":34}},"70":{"start":{"line":71,"column":0},"end":{"line":71,"column":151}},"71":{"start":{"line":72,"column":0},"end":{"line":72,"column":176}},"72":{"start":{"line":73,"column":0},"end":{"line":73,"column":34}},"73":{"start":{"line":74,"column":0},"end":{"line":74,"column":101}},"74":{"start":{"line":75,"column":0},"end":{"line":75,"column":14}},"75":{"start":{"line":76,"column":0},"end":{"line":76,"column":14}},"76":{"start":{"line":77,"column":0},"end":{"line":77,"column":12}},"78":{"start":{"line":79,"column":0},"end":{"line":79,"column":61}},"79":{"start":{"line":80,"column":0},"end":{"line":80,"column":97}},"80":{"start":{"line":81,"column":0},"end":{"line":81,"column":111}},"81":{"start":{"line":82,"column":0},"end":{"line":82,"column":39}},"82":{"start":{"line":83,"column":0},"end":{"line":83,"column":118}},"83":{"start":{"line":84,"column":0},"end":{"line":84,"column":14}},"84":{"start":{"line":85,"column":0},"end":{"line":85,"column":12}},"85":{"start":{"line":86,"column":0},"end":{"line":86,"column":10}},"87":{"start":{"line":88,"column":0},"end":{"line":88,"column":2}}},"s":{"0":1,"8":1,"9":12,"11":5,"12":5,"14":5,"15":2,"16":3,"17":1,"18":2,"20":12,"21":15,"22":15,"23":15,"24":15,"25":15,"26":15,"27":3,"29":12,"30":12,"31":12,"32":12,"33":12,"34":8,"35":8,"36":8,"38":4,"39":4,"40":4,"42":12,"43":12,"44":12,"46":15,"49":12,"50":12,"52":12,"53":12,"54":12,"55":12,"56":12,"57":12,"58":12,"59":12,"60":12,"61":12,"62":12,"63":12,"64":12,"65":12,"67":12,"68":12,"69":12,"70":12,"71":12,"72":12,"73":12,"74":12,"75":12,"76":12,"78":12,"79":12,"80":12,"81":12,"82":12,"83":12,"84":12,"85":12,"87":12},"branchMap":{"0":{"type":"branch","line":9,"loc":{"start":{"line":9,"column":53},"end":{"line":88,"column":2}},"locations":[{"start":{"line":9,"column":53},"end":{"line":88,"column":2}}]},"1":{"type":"branch","line":10,"loc":{"start":{"line":10,"column":13},"end":{"line":10,"column":25}},"locations":[{"start":{"line":10,"column":13},"end":{"line":10,"column":25}}]},"2":{"type":"branch","line":10,"loc":{"start":{"line":10,"column":20},"end":{"line":15,"column":33}},"locations":[{"start":{"line":10,"column":20},"end":{"line":15,"column":33}}]},"3":{"type":"branch","line":15,"loc":{"start":{"line":15,"column":22},"end":{"line":16,"column":75}},"locations":[{"start":{"line":15,"column":22},"end":{"line":16,"column":75}}]},"4":{"type":"branch","line":16,"loc":{"start":{"line":16,"column":6},"end":{"line":19,"column":113}},"locations":[{"start":{"line":16,"column":6},"end":{"line":19,"column":113}}]},"5":{"type":"branch","line":17,"loc":{"start":{"line":17,"column":6},"end":{"line":18,"column":100}},"locations":[{"start":{"line":17,"column":6},"end":{"line":18,"column":100}}]},"6":{"type":"branch","line":18,"loc":{"start":{"line":18,"column":8},"end":{"line":19,"column":113}},"locations":[{"start":{"line":18,"column":8},"end":{"line":19,"column":113}}]},"7":{"type":"branch","line":54,"loc":{"start":{"line":54,"column":9},"end":{"line":54,"column":322}},"locations":[{"start":{"line":54,"column":9},"end":{"line":54,"column":322}}]},"8":{"type":"branch","line":57,"loc":{"start":{"line":57,"column":14},"end":{"line":57,"column":85}},"locations":[{"start":{"line":57,"column":14},"end":{"line":57,"column":85}}]},"9":{"type":"branch","line":57,"loc":{"start":{"line":57,"column":80},"end":{"line":57,"column":108}},"locations":[{"start":{"line":57,"column":80},"end":{"line":57,"column":108}}]},"10":{"type":"branch","line":21,"loc":{"start":{"line":21,"column":21},"end":{"line":47,"column":10}},"locations":[{"start":{"line":21,"column":21},"end":{"line":47,"column":10}}]},"11":{"type":"branch","line":27,"loc":{"start":{"line":27,"column":24},"end":{"line":28,"column":80}},"locations":[{"start":{"line":27,"column":24},"end":{"line":28,"column":80}}]},"12":{"type":"branch","line":28,"loc":{"start":{"line":28,"column":76},"end":{"line":45,"column":13}},"locations":[{"start":{"line":28,"column":76},"end":{"line":45,"column":13}}]},"13":{"type":"branch","line":31,"loc":{"start":{"line":31,"column":21},"end":{"line":43,"column":17}},"locations":[{"start":{"line":31,"column":21},"end":{"line":43,"column":17}}]},"14":{"type":"branch","line":34,"loc":{"start":{"line":34,"column":20},"end":{"line":37,"column":23}},"locations":[{"start":{"line":34,"column":20},"end":{"line":37,"column":23}}]},"15":{"type":"branch","line":37,"loc":{"start":{"line":37,"column":16},"end":{"line":41,"column":23}},"locations":[{"start":{"line":37,"column":16},"end":{"line":41,"column":23}}]}},"b":{"0":[12],"1":[7],"2":[5],"3":[2],"4":[3],"5":[1],"6":[2],"7":[2],"8":[2],"9":[3],"10":[15],"11":[3],"12":[12],"13":[12],"14":[8],"15":[4]},"fnMap":{"0":{"name":"MedicalHUD","decl":{"start":{"line":9,"column":53},"end":{"line":88,"column":2}},"loc":{"start":{"line":9,"column":53},"end":{"line":88,"column":2}},"line":9},"1":{"name":"renderList","decl":{"start":{"line":21,"column":21},"end":{"line":47,"column":10}},"loc":{"start":{"line":21,"column":21},"end":{"line":47,"column":10}},"line":21}},"f":{"0":12,"1":15}}
,"C:\\Users\\Nihith\\Documents\\Projects\\promptwars-main-challenge\\frontend\\src\\components\\Scanner.tsx": {"path":"C:\\Users\\Nihith\\Documents\\Projects\\promptwars-main-challenge\\frontend\\src\\components\\Scanner.tsx","all":false,"statementMap":{"0":{"start":{"line":1,"column":0},"end":{"line":1,"column":48}},"8":{"start":{"line":9,"column":0},"end":{"line":9,"column":81}},"9":{"start":{"line":10,"column":0},"end":{"line":10,"column":51}},"10":{"start":{"line":11,"column":0},"end":{"line":11,"column":49}},"11":{"start":{"line":12,"column":0},"end":{"line":12,"column":54}},"13":{"start":{"line":14,"column":0},"end":{"line":14,"column":72}},"14":{"start":{"line":15,"column":0},"end":{"line":15,"column":25}},"15":{"start":{"line":16,"column":0},"end":{"line":16,"column":66}},"16":{"start":{"line":17,"column":0},"end":{"line":17,"column":5}},"17":{"start":{"line":18,"column":0},"end":{"line":18,"column":4}},"19":{"start":{"line":20,"column":0},"end":{"line":20,"column":41}},"20":{"start":{"line":21,"column":0},"end":{"line":21,"column":57}},"21":{"start":{"line":22,"column":0},"end":{"line":22,"column":4}},"23":{"start":{"line":24,"column":0},"end":{"line":24,"column":41}},"24":{"start":{"line":25,"column":0},"end":{"line":25,"column":88}},"25":{"start":{"line":26,"column":0},"end":{"line":26,"column":91}},"26":{"start":{"line":27,"column":0},"end":{"line":27,"column":60}},"27":{"start":{"line":28,"column":0},"end":{"line":28,"column":4}},"29":{"start":{"line":30,"column":0},"end":{"line":30,"column":30}},"30":{"start":{"line":31,"column":0},"end":{"line":31,"column":57}},"31":{"start":{"line":32,"column":0},"end":{"line":32,"column":33}},"32":{"start":{"line":33,"column":0},"end":{"line":33,"column":4}},"34":{"start":{"line":35,"column":0},"end":{"line":35,"column":10}},"35":{"start":{"line":36,"column":0},"end":{"line":36,"column":97}},"36":{"start":{"line":37,"column":0},"end":{"line":37,"column":166}},"38":{"start":{"line":39,"column":0},"end":{"line":39,"column":37}},"39":{"start":{"line":40,"column":0},"end":{"line":40,"column":120}},"40":{"start":{"line":41,"column":0},"end":{"line":41,"column":110}},"41":{"start":{"line":42,"column":0},"end":{"line":42,"column":16}},"42":{"start":{"line":43,"column":0},"end":{"line":43,"column":34}},"43":{"start":{"line":44,"column":0},"end":{"line":44,"column":19}},"44":{"start":{"line":45,"column":0},"end":{"line":45,"column":30}},"45":{"start":{"line":46,"column":0},"end":{"line":46,"column":21}},"46":{"start":{"line":47,"column":0},"end":{"line":47,"column":22}},"47":{"start":{"line":48,"column":0},"end":{"line":48,"column":59}},"48":{"start":{"line":49,"column":0},"end":{"line":49,"column":180}},"49":{"start":{"line":50,"column":0},"end":{"line":50,"column":297}},"50":{"start":{"line":51,"column":0},"end":{"line":51,"column":12}},"51":{"start":{"line":52,"column":0},"end":{"line":52,"column":142}},"52":{"start":{"line":53,"column":0},"end":{"line":53,"column":14}},"53":{"start":{"line":54,"column":0},"end":{"line":54,"column":12}},"55":{"start":{"line":56,"column":0},"end":{"line":56,"column":37}},"56":{"start":{"line":57,"column":0},"end":{"line":57,"column":15}},"57":{"start":{"line":58,"column":0},"end":{"line":58,"column":42}},"58":{"start":{"line":59,"column":0},"end":{"line":59,"column":129}},"60":{"start":{"line":61,"column":0},"end":{"line":61,"column":110}},"61":{"start":{"line":62,"column":0},"end":{"line":62,"column":16}},"63":{"start":{"line":64,"column":0},"end":{"line":64,"column":13}},"64":{"start":{"line":65,"column":0},"end":{"line":65,"column":270}},"65":{"start":{"line":66,"column":0},"end":{"line":66,"column":55}},"67":{"start":{"line":68,"column":0},"end":{"line":68,"column":134}},"68":{"start":{"line":69,"column":0},"end":{"line":69,"column":174}},"69":{"start":{"line":70,"column":0},"end":{"line":70,"column":110}},"70":{"start":{"line":71,"column":0},"end":{"line":71,"column":142}},"71":{"start":{"line":72,"column":0},"end":{"line":72,"column":17}},"72":{"start":{"line":73,"column":0},"end":{"line":73,"column":39}},"73":{"start":{"line":74,"column":0},"end":{"line":74,"column":24}},"74":{"start":{"line":75,"column":0},"end":{"line":75,"column":31}},"75":{"start":{"line":76,"column":0},"end":{"line":76,"column":21}},"76":{"start":{"line":77,"column":0},"end":{"line":77,"column":39}},"77":{"start":{"line":78,"column":0},"end":{"line":78,"column":31}},"78":{"start":{"line":79,"column":0},"end":{"line":79,"column":40}},"79":{"start":{"line":80,"column":0},"end":{"line":80,"column":12}},"80":{"start":{"line":81,"column":0},"end":{"line":81,"column":14}},"82":{"start":{"line":83,"column":0},"end":{"line":83,"column":30}},"83":{"start":{"line":84,"column":0},"end":{"line":84,"column":55}},"84":{"start":{"line":85,"column":0},"end":{"line":85,"column":34}},"85":{"start":{"line":86,"column":0},"end":{"line":86,"column":197}},"86":{"start":{"line":87,"column":0},"end":{"line":87,"column":73}},"87":{"start":{"line":88,"column":0},"end":{"line":88,"column":123}},"88":{"start":{"line":89,"column":0},"end":{"line":89,"column":42}},"89":{"start":{"line":90,"column":0},"end":{"line":90,"column":24}},"90":{"start":{"line":91,"column":0},"end":{"line":91,"column":110}},"91":{"start":{"line":92,"column":0},"end":{"line":92,"column":22}},"92":{"start":{"line":93,"column":0},"end":{"line":93,"column":179}},"93":{"start":{"line":94,"column":0},"end":{"line":94,"column":33}},"94":{"start":{"line":95,"column":0},"end":{"line":95,"column":25}},"95":{"start":{"line":96,"column":0},"end":{"line":96,"column":19}},"96":{"start":{"line":97,"column":0},"end":{"line":97,"column":15}},"97":{"start":{"line":98,"column":0},"end":{"line":98,"column":15}},"99":{"start":{"line":100,"column":0},"end":{"line":100,"column":12}},"101":{"start":{"line":102,"column":0},"end":{"line":102,"column":13}},"102":{"start":{"line":103,"column":0},"end":{"line":103,"column":30}},"103":{"start":{"line":104,"column":0},"end":{"line":104,"column":77}},"104":{"start":{"line":105,"column":0},"end":{"line":105,"column":484}},"106":{"start":{"line":107,"column":0},"end":{"line":107,"column":25}},"107":{"start":{"line":108,"column":0},"end":{"line":108,"column":12}},"108":{"start":{"line":109,"column":0},"end":{"line":109,"column":158}},"109":{"start":{"line":110,"column":0},"end":{"line":110,"column":80}},"110":{"start":{"line":111,"column":0},"end":{"line":111,"column":13}},"112":{"start":{"line":113,"column":0},"end":{"line":113,"column":12}},"113":{"start":{"line":114,"column":0},"end":{"line":114,"column":150}},"114":{"start":{"line":115,"column":0},"end":{"line":115,"column":89}},"115":{"start":{"line":116,"column":0},"end":{"line":116,"column":13}},"117":{"start":{"line":118,"column":0},"end":{"line":118,"column":15}},"119":{"start":{"line":120,"column":0},"end":{"line":120,"column":10}},"121":{"start":{"line":122,"column":0},"end":{"line":122,"column":2}}},"s":{"0":1,"8":1,"9":15,"10":15,"11":15,"13":15,"14":1,"15":1,"16":1,"17":1,"19":15,"20":0,"21":0,"23":15,"24":1,"25":1,"26":1,"27":1,"29":15,"30":4,"31":4,"32":4,"34":15,"35":15,"36":15,"38":15,"39":15,"40":15,"41":15,"42":15,"43":15,"44":15,"45":15,"46":15,"47":15,"48":15,"49":15,"50":15,"51":15,"52":15,"53":15,"55":15,"56":15,"57":15,"58":15,"60":15,"61":15,"63":15,"64":15,"65":15,"67":15,"68":15,"69":15,"70":15,"71":15,"72":15,"73":15,"74":15,"75":15,"76":15,"77":15,"78":15,"79":15,"80":15,"82":15,"83":1,"84":1,"85":1,"86":1,"87":1,"88":1,"89":1,"90":1,"91":1,"92":1,"93":1,"94":1,"95":1,"96":1,"97":1,"99":15,"101":15,"102":15,"103":15,"104":15,"106":15,"107":3,"108":3,"109":3,"110":3,"112":12,"113":12,"114":12,"115":12,"117":15,"119":15,"121":15},"branchMap":{"0":{"type":"branch","line":9,"loc":{"start":{"line":9,"column":47},"end":{"line":122,"column":2}},"locations":[{"start":{"line":9,"column":47},"end":{"line":122,"column":2}}]},"1":{"type":"branch","line":83,"loc":{"start":{"line":83,"column":24},"end":{"line":98,"column":15}},"locations":[{"start":{"line":83,"column":24},"end":{"line":98,"column":15}}]},"2":{"type":"branch","line":104,"loc":{"start":{"line":104,"column":18},"end":{"line":104,"column":77}},"locations":[{"start":{"line":104,"column":18},"end":{"line":104,"column":77}}]},"3":{"type":"branch","line":104,"loc":{"start":{"line":104,"column":52},"end":{"line":104,"column":77}},"locations":[{"start":{"line":104,"column":52},"end":{"line":104,"column":77}}]},"4":{"type":"branch","line":107,"loc":{"start":{"line":107,"column":9},"end":{"line":111,"column":13}},"locations":[{"start":{"line":107,"column":9},"end":{"line":111,"column":13}}]},"5":{"type":"branch","line":111,"loc":{"start":{"line":111,"column":10},"end":{"line":116,"column":13}},"locations":[{"start":{"line":111,"column":10},"end":{"line":116,"column":13}}]},"6":{"type":"branch","line":14,"loc":{"start":{"line":14,"column":27},"end":{"line":18,"column":4}},"locations":[{"start":{"line":14,"column":27},"end":{"line":18,"column":4}}]},"7":{"type":"branch","line":16,"loc":{"start":{"line":16,"column":15},"end":{"line":16,"column":64}},"locations":[{"start":{"line":16,"column":15},"end":{"line":16,"column":64}}]},"8":{"type":"branch","line":24,"loc":{"start":{"line":24,"column":22},"end":{"line":28,"column":4}},"locations":[{"start":{"line":24,"column":22},"end":{"line":28,"column":4}}]},"9":{"type":"branch","line":25,"loc":{"start":{"line":25,"column":35},"end":{"line":25,"column":88}},"locations":[{"start":{"line":25,"column":35},"end":{"line":25,"column":88}}]},"10":{"type":"branch","line":26,"loc":{"start":{"line":26,"column":36},"end":{"line":26,"column":91}},"locations":[{"start":{"line":26,"column":36},"end":{"line":26,"column":91}}]},"11":{"type":"branch","line":30,"loc":{"start":{"line":30,"column":23},"end":{"line":33,"column":4}},"locations":[{"start":{"line":30,"column":23},"end":{"line":33,"column":4}}]},"12":{"type":"branch","line":31,"loc":{"start":{"line":31,"column":25},"end":{"line":31,"column":50}},"locations":[{"start":{"line":31,"column":25},"end":{"line":31,"column":50}}]},"13":{"type":"branch","line":31,"loc":{"start":{"line":31,"column":50},"end":{"line":31,"column":57}},"locations":[{"start":{"line":31,"column":50},"end":{"line":31,"column":57}}]},"14":{"type":"branch","line":48,"loc":{"start":{"line":48,"column":22},"end":{"line":48,"column":59}},"locations":[{"start":{"line":48,"column":22},"end":{"line":48,"column":59}}]},"15":{"type":"branch","line":85,"loc":{"start":{"line":85,"column":23},"end":{"line":96,"column":19}},"locations":[{"start":{"line":85,"column":23},"end":{"line":96,"column":19}}]}},"b":{"0":[15],"1":[1],"2":[12],"3":[11],"4":[3],"5":[12],"6":[1],"7":[1],"8":[1],"9":[0],"10":[0],"11":[4],"12":[3],"13":[0],"14":[3],"15":[1]},"fnMap":{"0":{"name":"Scanner","decl":{"start":{"line":9,"column":47},"end":{"line":122,"column":2}},"loc":{"start":{"line":9,"column":47},"end":{"line":122,"column":2}},"line":9},"1":{"name":"handleFileChange","decl":{"start":{"line":14,"column":27},"end":{"line":18,"column":4}},"loc":{"start":{"line":14,"column":27},"end":{"line":18,"column":4}},"line":14},"2":{"name":"removeFile","decl":{"start":{"line":20,"column":21},"end":{"line":22,"column":4}},"loc":{"start":{"line":20,"column":21},"end":{"line":22,"column":4}},"line":20},"3":{"name":"getFileIcon","decl":{"start":{"line":24,"column":22},"end":{"line":28,"column":4}},"loc":{"start":{"line":24,"column":22},"end":{"line":28,"column":4}},"line":24},"4":{"name":"submitInputs","decl":{"start":{"line":30,"column":23},"end":{"line":33,"column":4}},"loc":{"start":{"line":30,"column":23},"end":{"line":33,"column":4}},"line":30},"5":{"name":"onChange","decl":{"start":{"line":48,"column":22},"end":{"line":48,"column":59}},"loc":{"start":{"line":48,"column":22},"end":{"line":48,"column":59}},"line":48},"6":{"name":"onClick","decl":{"start":{"line":66,"column":19},"end":{"line":66,"column":55}},"loc":{"start":{"line":66,"column":19},"end":{"line":66,"column":55}},"line":66},"7":{"name":"onClick","decl":{"start":{"line":93,"column":33},"end":{"line":93,"column":54}},"loc":{"start":{"line":93,"column":33},"end":{"line":93,"column":54}},"line":93}},"f":{"0":15,"1":1,"2":0,"3":1,"4":4,"5":3,"6":0,"7":0}}
}
